<?xml version="1.0" encoding="UTF-8"?>
<!-- Generated by org.testng.reporters.JUnitReportReporter -->
<testsuite hostname="LAPTOP-B43NS9G1" failures="0" tests="2" name="runnner.runner1" time="36.424" errors="0" timestamp="5 Nov 2022 12:01:15 GMT">
  <testcase classname="runnner.runner1" name="runScenario" time="18.076"/>
  <testcase classname="runnner.runner1" name="runScenario" time="18.348"/>
</testsuite> <!-- runnner.runner1 -->
