<?xml version="1.0" encoding="UTF-8"?>
<!-- Generated by org.testng.reporters.JUnitReportReporter -->
<testsuite hostname="LAPTOP-B43NS9G1" failures="0" tests="1" name="runnner.runner1" time="19.294" errors="0" timestamp="5 Nov 2022 12:09:24 GMT">
  <testcase classname="runnner.runner1" name="runScenario" time="19.294"/>
</testsuite> <!-- runnner.runner1 -->
